Arguments: 
  /Users/pramod/.nvm/versions/node/v22.17.0/bin/node /usr/local/bin/yarn add esbuild tailwindcss --dev

PATH: 
  /Users/pramod/.rbenv/shims:/Users/pramod/.rbenv/shims:/Users/pramod/.rbenv/shims:/usr/local/opt/openssl@3/bin:/Users/pramod/.nvm/versions/node/v22.17.0/bin:/usr/local/opt/postgresql@11/bin:/usr/local/opt/openssl@3/bin:/usr/local/opt/postgresql@11/bin:/usr/local/opt/postgresql@11/bin:/usr/local/opt/postgresql@11/bin:/Users/pramod/Library/Android/sdk/platform-tools:/usr/local/opt/openssl@1.1/bin:/Users/pramod/opt/anaconda3/bin:/Users/pramod/opt/anaconda3/condabin:/usr/local/opt/postgresql@11/bin:/usr/local/bin:/usr/bin:/bin:/usr/sbin:/sbin:/Library/Apple/usr/bin:/Applications/iTerm.app/Contents/Resources/utilities:/Users/pramod/.rvm/bin

Yarn version: 
  1.22.19

Node version: 
  22.17.0

Platform: 
  darwin x64

Trace: 
  SyntaxError: /Users/pramod/Practice/Hotrails/quote-editor/package.json: Expected double-quoted property name in JSON at position 136 (line 7 column 3)
      at JSON.parse (<anonymous>)
      at /usr/local/lib/node_modules/yarn/lib/cli.js:1629:59
      at Generator.next (<anonymous>)
      at step (/usr/local/lib/node_modules/yarn/lib/cli.js:310:30)
      at /usr/local/lib/node_modules/yarn/lib/cli.js:321:13

npm manifest: 
  {
    "name": "app",
    "private": true,
    "dependencies": {
      "@hotwired/stimulus": "^3.2.2",
      "@hotwired/turbo-rails": "^8.0.16",
    },
    "scripts": {
      "build": "esbuild app/javascript/*.* --bundle --outdir=app/assets/builds",
      "build:css": "tailwindcss -i ./app/assets/stylesheets/application.tailwind.css -o ./app/assets/builds/application.css",
      "watch:css": "tailwindcss -i ./app/assets/stylesheets/application.tailwind.css -o ./app/assets/builds/application.css --watch"
      },  
    "browserslist": [
      "defaults"
    ]
  }

yarn manifest: 
  No manifest

Lockfile: 
  # THIS IS AN AUTOGENERATED FILE. DO NOT EDIT THIS FILE DIRECTLY.
  # yarn lockfile v1
  
  
  "@hotwired/stimulus@^3.2.2":
    version "3.2.2"
    resolved "https://registry.yarnpkg.com/@hotwired/stimulus/-/stimulus-3.2.2.tgz#071aab59c600fed95b97939e605ff261a4251608"
    integrity sha512-eGeIqNOQpXoPAIP7tC1+1Yc1yl1xnwYqg+3mzqxyrbE5pg5YFBZcA6YoTiByJB6DKAEsiWtl6tjTJS4IYtbB7A==
  
  "@hotwired/turbo-rails@^8.0.16":
    version "8.0.16"
    resolved "https://registry.yarnpkg.com/@hotwired/turbo-rails/-/turbo-rails-8.0.16.tgz#096f3bec8c3c04d4aac4dd0f75305c67b3db3501"
    integrity sha512-Yxiy2x+N3eOIEDokvLzSrd08aI5RDKnFYDQFl2J/LuMEWTtPdY7oNP0F/gv/sSe5AV23Lwz4FitG/uNFXNM5tA==
    dependencies:
      "@hotwired/turbo" "^8.0.13"
      "@rails/actioncable" ">=7.0"
  
  "@hotwired/turbo@^8.0.13":
    version "8.0.13"
    resolved "https://registry.yarnpkg.com/@hotwired/turbo/-/turbo-8.0.13.tgz#ab35fda9d358432c8a872a833844b38cccb8c25b"
    integrity sha512-M7qXUqcGab6G5PKOiwhgbByTtrPgKPFCTMNQ52QhzUEXEqmp0/ApEguUesh/FPiUjrmFec+3lq98KsWnYY2C7g==
  
  "@rails/actioncable@>=7.0":
    version "8.0.200"
    resolved "https://registry.yarnpkg.com/@rails/actioncable/-/actioncable-8.0.200.tgz#1d27d9d55e45266e061190db045925e0b4d53d6b"
    integrity sha512-EDqWyxck22BHmv1e+mD8Kl6GmtNkhEPdRfGFT7kvsv1yoXd9iYrqHDVAaR8bKmU/syC5eEZ2I5aWWxtB73ukMw==
